 Enter type of call : 1 => simple call
                           (one step mode off, no continuation)
                      2 => one step mode
                      3 => continuation calls

                -------------------------------------------
                |                                         |
                |           L I M E X  V. 4.3A            |
                |                                         |
                | Copyright (C) 2004, Konrad-Zuse-Zentrum |
                |  fuer Informationstechnik Berlin (ZIB)  |
                -------------------------------------------

         ---------------------------------------------------------
         |                                                       |
         | Integration options:                                  |
         |                                                       |
         | Enhanced integration monitor on unit  6               |
         | Output of initial and solution values on unit  6      |
         | Number of equations:     3                            |
         | Integration between  0.000000D+00 and  0.110800D-01   |
         | Matrix B may be singular                              |
         | No determination of consistent initial values         |
         | Analytical Jacobian                                   |
         | No reuse of the Jacobian                              |
         | rTol, aTol used as scalars: 0.100D-07   0.100D-07     |
         | One step mode is off                                  |
         | No dense output                                       |
         | Integration for t > t_End enabled                     |
         |    upper t-limit:  0.11080D+00                        |
         | No PostScript plot of the Jacobian                    |
         | Maximum stepsize:  0.11080D+00                        |
         |                                                       |
         ---------------------------------------------------------

   Initial solution values at t =    0.000000000D+00
   -0.100000000D+01   0.500000000D+01   0.363636364D+00

   Step-Nr.     F-calls         t            Stepsize     used/aimed stage
 -------------------------------------------------------------------------

        0 *         0      0.00000D+00      0.10000D-02        0       4
        1 *        11      0.10000D-02      0.94549D-03        4       4
        2 *        22      0.19455D-02      0.92831D-03        4       4
        3 *        33      0.28738D-02      0.91832D-03        4       4
        4 *        44      0.37921D-02      0.90984D-03        4       4
        5 *        55      0.47020D-02      0.90170D-03        4       4
        6 *        66      0.56037D-02      0.89367D-03        4       4
        7 *        77      0.64973D-02      0.88569D-03        4       4
        8 *        88      0.73830D-02      0.87774D-03        4       4
        9 *        99      0.82608D-02      0.86984D-03        4       4
       10 *       110      0.91306D-02      0.86196D-03        4       4
       11 *       121      0.99926D-02      0.85413D-03        4       4
       12 *       132      0.10847D-01      0.84632D-03        4       4

           Solution values at t =    0.110800000D-01
   -0.467414956D+00   0.448032744D+01   0.198854041D+00
       13 *       143      0.11693D-01      0.83856D-03        4       4
       14 *       154      0.12532D-01      0.83082D-03        4       4
       15 *       165      0.13362D-01      0.82312D-03        4       4
       16 *       176      0.14186D-01      0.81545D-03        4       4
       17 *       187      0.15001D-01      0.80782D-03        4       4
       18 *       198      0.15809D-01      0.80021D-03        4       4
       19 *       209      0.16609D-01      0.79264D-03        4       4
       20 *       220      0.17402D-01      0.78509D-03        4       4
       21 *       231      0.18187D-01      0.77758D-03        4       4
       22 *       242      0.18964D-01      0.77009D-03        4       4
       23 *       253      0.19734D-01      0.76264D-03        4       4
       24 *       264      0.20497D-01      0.75521D-03        4       4
       25 *       275      0.21252D-01      0.74781D-03        4       4
       26 *       286      0.22000D-01      0.74044D-03        4       4

           Solution values at t =    0.221600000D-01
    0.483330708D-02   0.401209578D+01  -0.241967301D-02
       27 *       297      0.22740D-01      0.73726D-03        4       4
       28 *       308      0.23478D-01      0.73515D-03        4       4
       29 *       319      0.24213D-01      0.73324D-03        4       4
       30 *       330      0.24946D-01      0.73135D-03        4       4
       31 *       341      0.25677D-01      0.72944D-03        4       4
       32 *       352      0.26407D-01      0.72750D-03        4       4
       33 *       363      0.27134D-01      0.72553D-03        4       4
       34 *       374      0.27860D-01      0.72353D-03        4       4
       35 *       385      0.28583D-01      0.72150D-03        4       4
       36 *       396      0.29305D-01      0.71944D-03        4       4
       37 *       407      0.30024D-01      0.71734D-03        4       4
       38 *       418      0.30742D-01      0.71522D-03        4       4
       39 *       429      0.31457D-01      0.71307D-03        4       4
       40 *       440      0.32170D-01      0.71088D-03        4       4
       41 *       451      0.32881D-01      0.70867D-03        4       4

           Solution values at t =    0.332400000D-01
    0.423852593D+00   0.358920297D+01  -0.251976434D+00
       42 *       462      0.33590D-01      0.70643D-03        4       4
       43 *       473      0.34296D-01      0.70416D-03        4       4
       44 *       484      0.35000D-01      0.70185D-03        4       4
       45 *       495      0.35702D-01      0.69952D-03        4       4
       46 *       506      0.36402D-01      0.69716D-03        4       4
       47 *       517      0.37099D-01      0.69477D-03        4       4
       48 *       528      0.37793D-01      0.69234D-03        4       4
       49 *       539      0.38486D-01      0.68989D-03        4       4
       50 *       550      0.39176D-01      0.68741D-03        4       4
       51 *       561      0.39863D-01      0.68490D-03        4       4
       52 *       572      0.40548D-01      0.68236D-03        4       4
       53 *       583      0.41230D-01      0.67980D-03        4       4
       54 *       594      0.41910D-01      0.67720D-03        4       4
       55 *       605      0.42587D-01      0.67457D-03        4       4
       56 *       616      0.43262D-01      0.67192D-03        4       4
       57 *       627      0.43934D-01      0.66923D-03        4       4

           Solution values at t =    0.443200000D-01
    0.796234029D+00   0.320594247D+01  -0.567594074D+00
       58 *       638      0.44603D-01      0.66652D-03        4       4
       59 *       649      0.45270D-01      0.66378D-03        4       4
       60 *       660      0.45933D-01      0.66101D-03        4       4
       61 *       671      0.46594D-01      0.65821D-03        4       4
       62 *       682      0.47253D-01      0.65539D-03        4       4
       63 *       693      0.47908D-01      0.65253D-03        4       4
       64 *       704      0.48561D-01      0.64965D-03        4       4
       65 *       715      0.49210D-01      0.64674D-03        4       4
       66 *       726      0.49857D-01      0.64380D-03        4       4
       67 *       737      0.50501D-01      0.64084D-03        4       4
       68 *       748      0.51142D-01      0.63785D-03        4       4
       69 *       759      0.51779D-01      0.63483D-03        4       4
       70 *       770      0.52414D-01      0.63178D-03        4       4
       71 *       781      0.53046D-01      0.62871D-03        4       4
       72 *       792      0.53675D-01      0.62561D-03        4       4
       73 *       803      0.54300D-01      0.62248D-03        4       4
       74 *       814      0.54923D-01      0.61933D-03        4       4

           Solution values at t =    0.554000000D-01
    0.112823764D+01   0.285682524D+01  -0.977828115D+00
       75 *       825      0.55542D-01      0.61615D-03        4       4
       76 *       836      0.56158D-01      0.61294D-03        4       4
       77 *       847      0.56771D-01      0.60971D-03        4       4
       78 *       858      0.57381D-01      0.60646D-03        4       4
       79 *       869      0.57987D-01      0.60318D-03        4       4
       80 *       880      0.58591D-01      0.59987D-03        4       4
       81 *       891      0.59190D-01      0.59654D-03        4       4
       82 *       902      0.59787D-01      0.59318D-03        4       4
       83 *       913      0.60380D-01      0.58981D-03        4       4
       84 *       924      0.60970D-01      0.58640D-03        4       4
       85 *       935      0.61556D-01      0.58298D-03        4       4
       86 *       946      0.62139D-01      0.57953D-03        4       4
       87 *       957      0.62719D-01      0.57605D-03        4       4
       88 *       968      0.63295D-01      0.57256D-03        4       4
       89 *       979      0.63868D-01      0.56904D-03        4       4
       90 *       990      0.64437D-01      0.56550D-03        4       4
       91 *      1001      0.65002D-01      0.56194D-03        4       4
       92 *      1012      0.65564D-01      0.55836D-03        4       4
       93 *      1023      0.66122D-01      0.55475D-03        4       4

           Solution values at t =    0.664800000D-01
    0.142607810D+01   0.253629757D+01  -0.153269161D+01
       94 *      1034      0.66677D-01      0.55113D-03        4       4
       95 *      1045      0.67228D-01      0.54749D-03        4       4
       96 *      1056      0.67776D-01      0.54382D-03        4       4
       97 *      1067      0.68320D-01      0.54014D-03        4       4
       98 *      1078      0.68860D-01      0.53644D-03        4       4
       99 *      1089      0.69396D-01      0.53272D-03        4       4
      100 *      1100      0.69929D-01      0.52898D-03        4       4
      101 *      1111      0.70458D-01      0.52522D-03        4       4
      102 *      1122      0.70983D-01      0.52145D-03        4       4
      103 *      1133      0.71504D-01      0.51766D-03        4       4
      104 *      1144      0.72022D-01      0.51386D-03        4       4
      105 *      1155      0.72536D-01      0.51003D-03        4       4
      106 *      1166      0.73046D-01      0.50620D-03        4       4
      107 *      1177      0.73552D-01      0.50235D-03        4       4
      108 *      1188      0.74055D-01      0.49848D-03        4       4
      109 *      1199      0.74553D-01      0.49461D-03        4       4
      110 *      1210      0.75048D-01      0.49071D-03        4       4
      111 *      1221      0.75538D-01      0.48681D-03        4       4
      112 *      1232      0.76025D-01      0.48290D-03        4       4
      113 *      1243      0.76508D-01      0.47897D-03        4       4
      114 *      1254      0.76987D-01      0.47503D-03        4       4
      115 *      1265      0.77462D-01      0.47109D-03        4       4

           Solution values at t =    0.775600000D-01
    0.169647222D+01   0.223819014D+01  -0.233144946D+01
      116 *      1276      0.77933D-01      0.46713D-03        4       4
      117 *      1287      0.78400D-01      0.46316D-03        4       4
      118 *      1298      0.78863D-01      0.45919D-03        4       4
      119 *      1309      0.79323D-01      0.45521D-03        4       4
      120 *      1320      0.79778D-01      0.45122D-03        4       4
      121 *      1331      0.80229D-01      0.44722D-03        4       4
      122 *      1342      0.80676D-01      0.44322D-03        4       4
      123 *      1353      0.81120D-01      0.43921D-03        4       4
      124 *      1364      0.81559D-01      0.43520D-03        4       4
      125 *      1375      0.81994D-01      0.43119D-03        4       4
      126 *      1386      0.82425D-01      0.42717D-03        4       4
      127 *      1397      0.82852D-01      0.42315D-03        4       4
      128 *      1408      0.83275D-01      0.41913D-03        4       4
      129 *      1419      0.83695D-01      0.41511D-03        4       4
      130 *      1430      0.84110D-01      0.41108D-03        4       4
      131 *      1441      0.84521D-01      0.40706D-03        4       4
      132 *      1452      0.84928D-01      0.40304D-03        4       4
      133 *      1463      0.85331D-01      0.39901D-03        4       4
      134 *      1474      0.85730D-01      0.39500D-03        4       4
      135 *      1485      0.86125D-01      0.39098D-03        4       4
      136 *      1496      0.86516D-01      0.38697D-03        4       4
      137 *      1507      0.86903D-01      0.38296D-03        4       4
      138 *      1518      0.87286D-01      0.37896D-03        4       4
      139 *      1529      0.87665D-01      0.37496D-03        4       4
      140 *      1540      0.88040D-01      0.37097D-03        4       4
      141 *      1551      0.88411D-01      0.36699D-03        4       4

           Solution values at t =    0.886400000D-01
    0.194799821D+01   0.195433987D+01  -0.361409055D+01
      142 *      1562      0.88778D-01      0.36301D-03        4       4
      143 *      1573      0.89141D-01      0.35904D-03        4       4
      144 *      1584      0.89500D-01      0.35508D-03        4       4
      145 *      1595      0.89855D-01      0.35114D-03        4       4
      146 *      1606      0.90206D-01      0.34720D-03        4       4
      147 *      1617      0.90553D-01      0.34327D-03        4       4
      148 *      1628      0.90896D-01      0.33935D-03        4       4
      149 *      1639      0.91236D-01      0.33545D-03        4       4
      150 *      1650      0.91571D-01      0.33156D-03        4       4
      151 *      1661      0.91903D-01      0.32768D-03        4       4
      152 *      1672      0.92230D-01      0.32382D-03        4       4
      153 *      1683      0.92554D-01      0.31997D-03        4       4
      154 *      1694      0.92874D-01      0.31614D-03        4       4
      155 *      1705      0.93190D-01      0.31232D-03        4       4
      156 *      1716      0.93503D-01      0.30853D-03        4       4
      157 *      1727      0.93811D-01      0.30474D-03        4       4
      158 *      1738      0.94116D-01      0.30098D-03        4       4
      159 *      1749      0.94417D-01      0.29723D-03        4       4
      160 *      1760      0.94714D-01      0.29351D-03        4       4
      161 *      1771      0.95008D-01      0.28980D-03        4       4
      162 *      1782      0.95297D-01      0.28611D-03        4       4
      163 *      1793      0.95584D-01      0.28245D-03        4       4
      164 *      1804      0.95866D-01      0.27880D-03        4       4
      165 *      1815      0.96145D-01      0.27518D-03        4       4
      166 *      1826      0.96420D-01      0.27158D-03        4       4
      167 *      1837      0.96692D-01      0.26800D-03        4       4
      168 *      1848      0.96960D-01      0.26444D-03        4       4
      169 *      1859      0.97224D-01      0.26091D-03        4       4
      170 *      1870      0.97485D-01      0.25740D-03        4       4
      171 *      1881      0.97742D-01      0.25392D-03        4       4
      172 *      1892      0.97996D-01      0.25046D-03        4       4
      173 *      1903      0.98247D-01      0.24702D-03        4       4
      174 *      1914      0.98494D-01      0.24361D-03        4       4
      175 *      1925      0.98737D-01      0.24023D-03        4       4
      176 *      1936      0.98978D-01      0.23687D-03        4       4
      177 *      1947      0.99214D-01      0.23354D-03        4       4
      178 *      1958      0.99448D-01      0.23024D-03        4       4
      179 *      1969      0.99678D-01      0.22696D-03        4       4

           Solution values at t =    0.997200000D-01
    0.219595869D+01   0.166966115D+01  -0.622029350D+01
      180 *      1980      0.99905D-01      0.22371D-03        4       4
      181 *      1991      0.10013D+00      0.22049D-03        4       4
      182 *      2002      0.10035D+00      0.21730D-03        4       4
      183 *      2013      0.10057D+00      0.21413D-03        4       4
      184 *      2024      0.10078D+00      0.21099D-03        4       4
      185 *      2035      0.10099D+00      0.20789D-03        4       4
      186 *      2046      0.10120D+00      0.20481D-03        4       4
      187 *      2057      0.10140D+00      0.20176D-03        4       4
      188 *      2068      0.10161D+00      0.19873D-03        4       4
      189 *      2079      0.10181D+00      0.19574D-03        4       4
      190 *      2090      0.10200D+00      0.19278D-03        4       4
      191 *      2101      0.10219D+00      0.18985D-03        4       4
      192 *      2112      0.10238D+00      0.18695D-03        4       4
      193 *      2123      0.10257D+00      0.18407D-03        4       4
      194 *      2134      0.10275D+00      0.18123D-03        4       4
      195 *      2145      0.10294D+00      0.17842D-03        4       4
      196 *      2156      0.10311D+00      0.17564D-03        4       4
      197 *      2167      0.10329D+00      0.17289D-03        4       4
      198 *      2178      0.10346D+00      0.17016D-03        4       4
      199 *      2189      0.10363D+00      0.16747D-03        4       4
      200 *      2200      0.10380D+00      0.16481D-03        4       4
      201 *      2211      0.10397D+00      0.16218D-03        4       4
      202 *      2222      0.10413D+00      0.15958D-03        4       4
      203 *      2233      0.10429D+00      0.15701D-03        4       4
      204 *      2244      0.10444D+00      0.15447D-03        4       4
      205 *      2255      0.10460D+00      0.15197D-03        4       4
      206 *      2266      0.10475D+00      0.14949D-03        4       4
      207 *      2277      0.10490D+00      0.14704D-03        4       4
      208 *      2288      0.10505D+00      0.14462D-03        4       4
      209 *      2299      0.10519D+00      0.14224D-03        4       4
      210 *      2310      0.10533D+00      0.13988D-03        4       4
      211 *      2321      0.10547D+00      0.13755D-03        4       4
      212 *      2332      0.10561D+00      0.13525D-03        4       4
      213 *      2343      0.10575D+00      0.13299D-03        4       4
      214 *      2354      0.10588D+00      0.13075D-03        4       4
      215 *      2365      0.10601D+00      0.12854D-03        4       4
      216 *      2376      0.10614D+00      0.12636D-03        4       4
      217 *      2387      0.10626D+00      0.12421D-03        4       4
      218 *      2398      0.10639D+00      0.12209D-03        4       4
      219 *      2409      0.10651D+00      0.12000D-03        4       4
      220 *      2420      0.10663D+00      0.11793D-03        4       4
      221 *      2431      0.10675D+00      0.11590D-03        4       4
      222 *      2442      0.10687D+00      0.11389D-03        4       4
      223 *      2453      0.10698D+00      0.11191D-03        4       4
      224 *      2464      0.10709D+00      0.10997D-03        4       4
      225 *      2475      0.10720D+00      0.10804D-03        4       4
      226 *      2486      0.10731D+00      0.10615D-03        4       4
      227 *      2497      0.10742D+00      0.10428D-03        4       4
      228 *      2508      0.10752D+00      0.10244D-03        4       4
      229 *      2519      0.10762D+00      0.10063D-03        4       4
      230 *      2530      0.10772D+00      0.98843D-04        4       4
      231 *      2541      0.10782D+00      0.97084D-04        4       4
      232 *      2552      0.10792D+00      0.95351D-04        4       4
      233 *      2563      0.10801D+00      0.93643D-04        4       4
      234 *      2574      0.10811D+00      0.91963D-04        4       4
      235 *      2585      0.10820D+00      0.90307D-04        4       4
      236 *      2596      0.10829D+00      0.88677D-04        4       4
      237 *      2607      0.10838D+00      0.87072D-04        4       4
      238 *      2618      0.10847D+00      0.85492D-04        4       4
      239 *      2629      0.10855D+00      0.83937D-04        4       4
      240 *      2640      0.10863D+00      0.82406D-04        4       4
      241 *      2651      0.10872D+00      0.80899D-04        4       4
      242 *      2662      0.10880D+00      0.79416D-04        4       4
      243 *      2673      0.10888D+00      0.77957D-04        4       4
      244 *      2684      0.10896D+00      0.76521D-04        4       4
      245 *      2695      0.10903D+00      0.75109D-04        4       4
      246 *      2706      0.10911D+00      0.73719D-04        4       4
      247 *      2717      0.10918D+00      0.72352D-04        4       4
      248 *      2728      0.10925D+00      0.71006D-04        4       4
      249 *      2739      0.10932D+00      0.69684D-04        4       4
      250 *      2750      0.10939D+00      0.68382D-04        4       4
      251 *      2761      0.10946D+00      0.67103D-04        4       4
      252 *      2772      0.10953D+00      0.65845D-04        4       4
      253 *      2783      0.10960D+00      0.64607D-04        4       4
      254 *      2794      0.10966D+00      0.63391D-04        4       4
      255 *      2805      0.10972D+00      0.62195D-04        4       4
      256 *      2816      0.10979D+00      0.61019D-04        4       4
      257 *      2827      0.10985D+00      0.59863D-04        4       4
      258 *      2838      0.10991D+00      0.58727D-04        4       4
      259 *      2849      0.10996D+00      0.57610D-04        4       4
      260 *      2860      0.11002D+00      0.56513D-04        4       4
      261 *      2871      0.11008D+00      0.55434D-04        4       4
      262 *      2882      0.11013D+00      0.54374D-04        4       4
      263 *      2893      0.11019D+00      0.53333D-04        4       4
      264 *      2904      0.11024D+00      0.52310D-04        4       4
      265 *      2915      0.11029D+00      0.51304D-04        4       4
      266 *      2926      0.11035D+00      0.50316D-04        4       4
      267 *      2937      0.11040D+00      0.49346D-04        4       4
      268 *      2948      0.11045D+00      0.48393D-04        4       4
      269 *      2959      0.11049D+00      0.47456D-04        4       4
      270 *      2970      0.11054D+00      0.46536D-04        4       4
      271 *      2981      0.11059D+00      0.45633D-04        4       4
      272 *      2992      0.11063D+00      0.44746D-04        4       4
      273 *      3003      0.11068D+00      0.43875D-04        4       4
      274 *      3014      0.11072D+00      0.43019D-04        4       4
      275 *      3025      0.11077D+00      0.42179D-04        4       4
      276 *      3036      0.11080D+00      0.34845D-04        4       4

           Solution values at t =    0.110800000D+00
    0.250544990D+01   0.131874213D+01  -0.207211691D+02

 Nr. of F-Evaluations (Int) :     3036
 Nr. of F-Evaluations (Jac) :        0
             Nr. of LU-Dec. :     1380
        Nr. of solver calls :    11609
               Nr. of steps :      276
     Nr. of Jac. evaluation :      276
